::1 - - [25/Sep/2019:07:20:07 +0000] "GET / HTTP/1.1" 200 - "-" "Mozilla/5.0 (Macintosh; Intel Mac OS X 10_14_6) AppleWebKit/537.36 (KHTML, like Gecko) Chrome/76.0.3809.132 Safari/537.36"
::1 - - [25/Sep/2019:07:20:07 +0000] "GET /js/main.js HTTP/1.1" 200 527 "http://localhost:3000/" "Mozilla/5.0 (Macintosh; Intel Mac OS X 10_14_6) AppleWebKit/537.36 (KHTML, like Gecko) Chrome/76.0.3809.132 Safari/537.36"
::1 - - [25/Sep/2019:07:20:07 +0000] "GET /css/product.css HTTP/1.1" 200 379 "http://localhost:3000/" "Mozilla/5.0 (Macintosh; Intel Mac OS X 10_14_6) AppleWebKit/537.36 (KHTML, like Gecko) Chrome/76.0.3809.132 Safari/537.36"
::1 - - [25/Sep/2019:07:20:07 +0000] "GET /css/main.css HTTP/1.1" 200 - "http://localhost:3000/" "Mozilla/5.0 (Macintosh; Intel Mac OS X 10_14_6) AppleWebKit/537.36 (KHTML, like Gecko) Chrome/76.0.3809.132 Safari/537.36"
::1 - - [25/Sep/2019:07:20:09 +0000] "GET /images/2019-09-19T17:56:20.194Z-plus.jpg HTTP/1.1" 200 7325781 "http://localhost:3000/" "Mozilla/5.0 (Macintosh; Intel Mac OS X 10_14_6) AppleWebKit/537.36 (KHTML, like Gecko) Chrome/76.0.3809.132 Safari/537.36"
::1 - - [26/Sep/2019:22:25:36 +0000] "GET / HTTP/1.1" 200 - "-" "Mozilla/5.0 (Macintosh; Intel Mac OS X 10.14; rv:70.0) Gecko/20100101 Firefox/70.0"
::1 - - [26/Sep/2019:22:25:36 +0000] "GET /css/main.css HTTP/1.1" 200 - "https://localhost:3000/" "Mozilla/5.0 (Macintosh; Intel Mac OS X 10.14; rv:70.0) Gecko/20100101 Firefox/70.0"
::1 - - [26/Sep/2019:22:25:36 +0000] "GET /css/product.css HTTP/1.1" 200 379 "https://localhost:3000/" "Mozilla/5.0 (Macintosh; Intel Mac OS X 10.14; rv:70.0) Gecko/20100101 Firefox/70.0"
::1 - - [26/Sep/2019:22:25:36 +0000] "GET /js/main.js HTTP/1.1" 200 527 "https://localhost:3000/" "Mozilla/5.0 (Macintosh; Intel Mac OS X 10.14; rv:70.0) Gecko/20100101 Firefox/70.0"
::1 - - [26/Sep/2019:22:25:36 +0000] "GET /images/2019-09-19T17:56:20.194Z-plus.jpg HTTP/1.1" 200 7325781 "https://localhost:3000/" "Mozilla/5.0 (Macintosh; Intel Mac OS X 10.14; rv:70.0) Gecko/20100101 Firefox/70.0"
::1 - - [26/Sep/2019:22:25:37 +0000] "GET /favicon.ico HTTP/1.1" 404 - "-" "Mozilla/5.0 (Macintosh; Intel Mac OS X 10.14; rv:70.0) Gecko/20100101 Firefox/70.0"
::1 - - [26/Sep/2019:22:25:54 +0000] "GET /products HTTP/1.1" 200 - "https://localhost:3000/" "Mozilla/5.0 (Macintosh; Intel Mac OS X 10.14; rv:70.0) Gecko/20100101 Firefox/70.0"
::1 - - [26/Sep/2019:22:25:54 +0000] "GET /css/product.css HTTP/1.1" 304 - "https://localhost:3000/products" "Mozilla/5.0 (Macintosh; Intel Mac OS X 10.14; rv:70.0) Gecko/20100101 Firefox/70.0"
::1 - - [26/Sep/2019:22:25:54 +0000] "GET /js/main.js HTTP/1.1" 304 - "https://localhost:3000/products" "Mozilla/5.0 (Macintosh; Intel Mac OS X 10.14; rv:70.0) Gecko/20100101 Firefox/70.0"
::1 - - [26/Sep/2019:22:25:54 +0000] "GET /css/main.css HTTP/1.1" 200 - "https://localhost:3000/products" "Mozilla/5.0 (Macintosh; Intel Mac OS X 10.14; rv:70.0) Gecko/20100101 Firefox/70.0"
::1 - - [26/Sep/2019:22:25:54 +0000] "GET /images/2019-09-19T17:56:20.194Z-plus.jpg HTTP/1.1" 304 - "https://localhost:3000/products" "Mozilla/5.0 (Macintosh; Intel Mac OS X 10.14; rv:70.0) Gecko/20100101 Firefox/70.0"
::1 - - [26/Sep/2019:22:25:57 +0000] "GET /cart HTTP/1.1" 200 - "https://localhost:3000/products" "Mozilla/5.0 (Macintosh; Intel Mac OS X 10.14; rv:70.0) Gecko/20100101 Firefox/70.0"
::1 - - [26/Sep/2019:22:25:57 +0000] "GET /css/main.css HTTP/1.1" 304 - "https://localhost:3000/cart" "Mozilla/5.0 (Macintosh; Intel Mac OS X 10.14; rv:70.0) Gecko/20100101 Firefox/70.0"
::1 - - [26/Sep/2019:22:25:57 +0000] "GET /js/main.js HTTP/1.1" 304 - "https://localhost:3000/cart" "Mozilla/5.0 (Macintosh; Intel Mac OS X 10.14; rv:70.0) Gecko/20100101 Firefox/70.0"
::1 - - [26/Sep/2019:22:25:57 +0000] "GET /css/cart.css HTTP/1.1" 200 387 "https://localhost:3000/cart" "Mozilla/5.0 (Macintosh; Intel Mac OS X 10.14; rv:70.0) Gecko/20100101 Firefox/70.0"
::1 - - [26/Sep/2019:22:26:01 +0000] "GET /orders HTTP/1.1" 200 - "https://localhost:3000/cart" "Mozilla/5.0 (Macintosh; Intel Mac OS X 10.14; rv:70.0) Gecko/20100101 Firefox/70.0"
::1 - - [26/Sep/2019:22:26:01 +0000] "GET /css/main.css HTTP/1.1" 304 - "https://localhost:3000/orders" "Mozilla/5.0 (Macintosh; Intel Mac OS X 10.14; rv:70.0) Gecko/20100101 Firefox/70.0"
::1 - - [26/Sep/2019:22:26:01 +0000] "GET /js/main.js HTTP/1.1" 304 - "https://localhost:3000/orders" "Mozilla/5.0 (Macintosh; Intel Mac OS X 10.14; rv:70.0) Gecko/20100101 Firefox/70.0"
::1 - - [26/Sep/2019:22:26:01 +0000] "GET /css/orders.css HTTP/1.1" 200 419 "https://localhost:3000/orders" "Mozilla/5.0 (Macintosh; Intel Mac OS X 10.14; rv:70.0) Gecko/20100101 Firefox/70.0"
::1 - - [26/Sep/2019:22:26:04 +0000] "GET / HTTP/1.1" 200 - "https://localhost:3000/orders" "Mozilla/5.0 (Macintosh; Intel Mac OS X 10.14; rv:70.0) Gecko/20100101 Firefox/70.0"
::1 - - [26/Sep/2019:22:26:04 +0000] "GET /css/main.css HTTP/1.1" 304 - "https://localhost:3000/" "Mozilla/5.0 (Macintosh; Intel Mac OS X 10.14; rv:70.0) Gecko/20100101 Firefox/70.0"
::1 - - [26/Sep/2019:22:26:04 +0000] "GET /js/main.js HTTP/1.1" 304 - "https://localhost:3000/" "Mozilla/5.0 (Macintosh; Intel Mac OS X 10.14; rv:70.0) Gecko/20100101 Firefox/70.0"
::1 - - [26/Sep/2019:22:26:04 +0000] "GET /css/product.css HTTP/1.1" 304 - "https://localhost:3000/" "Mozilla/5.0 (Macintosh; Intel Mac OS X 10.14; rv:70.0) Gecko/20100101 Firefox/70.0"
::1 - - [26/Sep/2019:22:26:04 +0000] "GET /images/2019-09-19T17:56:20.194Z-plus.jpg HTTP/1.1" 304 - "https://localhost:3000/" "Mozilla/5.0 (Macintosh; Intel Mac OS X 10.14; rv:70.0) Gecko/20100101 Firefox/70.0"
::ffff:127.0.0.1 - - [09/Oct/2019:07:08:36 +0000] "GET / HTTP/1.1" 200 - "-" "Mozilla/5.0 (Macintosh; Intel Mac OS X 10.15; rv:70.0) Gecko/20100101 Firefox/70.0"
::ffff:127.0.0.1 - - [09/Oct/2019:07:08:36 +0000] "GET /css/main.css HTTP/1.1" 200 - "https://localhost:3000/" "Mozilla/5.0 (Macintosh; Intel Mac OS X 10.15; rv:70.0) Gecko/20100101 Firefox/70.0"
::ffff:127.0.0.1 - - [09/Oct/2019:07:08:36 +0000] "GET /js/main.js HTTP/1.1" 200 527 "https://localhost:3000/" "Mozilla/5.0 (Macintosh; Intel Mac OS X 10.15; rv:70.0) Gecko/20100101 Firefox/70.0"
::ffff:127.0.0.1 - - [09/Oct/2019:07:08:36 +0000] "GET /css/product.css HTTP/1.1" 200 379 "https://localhost:3000/" "Mozilla/5.0 (Macintosh; Intel Mac OS X 10.15; rv:70.0) Gecko/20100101 Firefox/70.0"
::ffff:127.0.0.1 - - [09/Oct/2019:07:08:36 +0000] "GET /images/2019-09-19T17:56:20.194Z-plus.jpg HTTP/1.1" 304 - "https://localhost:3000/" "Mozilla/5.0 (Macintosh; Intel Mac OS X 10.15; rv:70.0) Gecko/20100101 Firefox/70.0"
::ffff:127.0.0.1 - - [09/Oct/2019:07:08:36 +0000] "GET /favicon.ico HTTP/1.1" - - "-" "Mozilla/5.0 (Macintosh; Intel Mac OS X 10.15; rv:70.0) Gecko/20100101 Firefox/70.0"
::1 - - [09/Oct/2019:07:17:16 +0000] "GET / HTTP/1.1" 200 - "-" "Mozilla/5.0 (Macintosh; Intel Mac OS X 10.15; rv:70.0) Gecko/20100101 Firefox/70.0"
::1 - - [09/Oct/2019:07:17:16 +0000] "GET /js/main.js HTTP/1.1" 200 527 "http://localhost:3000/" "Mozilla/5.0 (Macintosh; Intel Mac OS X 10.15; rv:70.0) Gecko/20100101 Firefox/70.0"
::1 - - [09/Oct/2019:07:17:16 +0000] "GET /css/product.css HTTP/1.1" 200 379 "http://localhost:3000/" "Mozilla/5.0 (Macintosh; Intel Mac OS X 10.15; rv:70.0) Gecko/20100101 Firefox/70.0"
::1 - - [09/Oct/2019:07:17:16 +0000] "GET /css/main.css HTTP/1.1" 200 - "http://localhost:3000/" "Mozilla/5.0 (Macintosh; Intel Mac OS X 10.15; rv:70.0) Gecko/20100101 Firefox/70.0"
::1 - - [09/Oct/2019:07:17:16 +0000] "GET /images/2019-09-19T17:56:20.194Z-plus.jpg HTTP/1.1" 304 - "http://localhost:3000/" "Mozilla/5.0 (Macintosh; Intel Mac OS X 10.15; rv:70.0) Gecko/20100101 Firefox/70.0"
::1 - - [09/Oct/2019:07:17:17 +0000] "GET /favicon.ico HTTP/1.1" - - "-" "Mozilla/5.0 (Macintosh; Intel Mac OS X 10.15; rv:70.0) Gecko/20100101 Firefox/70.0"
